[I 22:17:23.398 NotebookApp] Serving notebooks from local directory: /home/9yelin9
[I 22:17:23.398 NotebookApp] Jupyter Notebook 6.5.2 is running at:
[I 22:17:23.398 NotebookApp] http://168.131.83.87:8888/?token=a4831ba05dd4304ee7f9caad5c5b665c7f958f7a6e854545
[I 22:17:23.398 NotebookApp]  or http://127.0.0.1:8888/?token=a4831ba05dd4304ee7f9caad5c5b665c7f958f7a6e854545
[I 22:17:23.398 NotebookApp] Use Control-C to stop this server and shut down all kernels (twice to skip confirmation).
[C 22:17:23.406 NotebookApp] 
    
    To access the notebook, open this file in a browser:
        file:///home/9yelin9/.local/share/jupyter/runtime/nbserver-72248-open.html
    Or copy and paste one of these URLs:
        http://168.131.83.87:8888/?token=a4831ba05dd4304ee7f9caad5c5b665c7f958f7a6e854545
     or http://127.0.0.1:8888/?token=a4831ba05dd4304ee7f9caad5c5b665c7f958f7a6e854545
[I 22:17:43.059 NotebookApp] 302 GET /?token=a4831ba05dd4304ee7f9caad5c5b665c7f958f7a6e854545 (168.131.83.46) 1.550000ms
[W 22:17:49.133 NotebookApp] Notebook hf3/hf3.ipynb is not trusted
[I 22:17:51.248 NotebookApp] Kernel started: ed895579-6b9f-415e-83a5-9c5b2fbb4358, name: python3
[I 22:17:51.248 NotebookApp] Culling kernels with idle durations > 300 seconds at 300 second intervals ...
[I 22:19:51.913 NotebookApp] Saving file at /hf3/hf3.ipynb
[W 22:19:51.915 NotebookApp] Notebook hf3/hf3.ipynb is not trusted
[I 22:21:51.886 NotebookApp] Saving file at /hf3/hf3.ipynb
[W 22:21:51.888 NotebookApp] Notebook hf3/hf3.ipynb is not trusted
[I 22:23:51.893 NotebookApp] Saving file at /hf3/hf3.ipynb
[W 22:23:51.895 NotebookApp] Notebook hf3/hf3.ipynb is not trusted
[I 22:25:17.547 NotebookApp] Starting buffering for ed895579-6b9f-415e-83a5-9c5b2fbb4358:154bf59e8c7746c69f8e69f6c2778700
[I 22:25:18.097 NotebookApp] Kernel restarted: ed895579-6b9f-415e-83a5-9c5b2fbb4358
[I 22:25:18.201 NotebookApp] Restoring connection for ed895579-6b9f-415e-83a5-9c5b2fbb4358:154bf59e8c7746c69f8e69f6c2778700
[I 22:25:20.221 NotebookApp] Replaying 3 buffered messages
[I 22:25:48.214 NotebookApp] Starting buffering for ed895579-6b9f-415e-83a5-9c5b2fbb4358:154bf59e8c7746c69f8e69f6c2778700
[I 22:25:48.761 NotebookApp] Kernel restarted: ed895579-6b9f-415e-83a5-9c5b2fbb4358
[I 22:25:48.815 NotebookApp] Restoring connection for ed895579-6b9f-415e-83a5-9c5b2fbb4358:154bf59e8c7746c69f8e69f6c2778700
[I 22:25:49.532 NotebookApp] Replaying 3 buffered messages
[I 22:25:51.254 NotebookApp] Saving file at /hf3/hf3.ipynb
[I 22:26:24.083 NotebookApp] Starting buffering for ed895579-6b9f-415e-83a5-9c5b2fbb4358:154bf59e8c7746c69f8e69f6c2778700
[I 22:26:24.630 NotebookApp] Kernel restarted: ed895579-6b9f-415e-83a5-9c5b2fbb4358
[I 22:26:24.763 NotebookApp] Restoring connection for ed895579-6b9f-415e-83a5-9c5b2fbb4358:154bf59e8c7746c69f8e69f6c2778700
[I 22:26:25.534 NotebookApp] Replaying 3 buffered messages
[I 22:27:51.195 NotebookApp] Saving file at /hf3/hf3.ipynb
[I 22:32:18.818 NotebookApp] 302 GET / (92.118.39.29) 1.100000ms
[I 00:07:51.035 NotebookApp] Saving file at /hf3/hf3.ipynb
[I 00:09:10.873 NotebookApp] Starting buffering for ed895579-6b9f-415e-83a5-9c5b2fbb4358:154bf59e8c7746c69f8e69f6c2778700
[I 00:09:11.422 NotebookApp] Kernel restarted: ed895579-6b9f-415e-83a5-9c5b2fbb4358
[I 00:09:11.500 NotebookApp] Restoring connection for ed895579-6b9f-415e-83a5-9c5b2fbb4358:154bf59e8c7746c69f8e69f6c2778700
[I 00:09:13.169 NotebookApp] Replaying 3 buffered messages
[I 00:09:51.012 NotebookApp] Saving file at /hf3/hf3.ipynb
[I 00:11:53.255 NotebookApp] Saving file at /hf3/hf3.ipynb
[I 00:36:30.463 NotebookApp] 302 GET / (152.32.129.53) 1.060000ms
[I 02:07:28.738 NotebookApp] 302 GET / (104.236.1.36) 0.900000ms
[I 04:39:28.409 NotebookApp] Starting buffering for ed895579-6b9f-415e-83a5-9c5b2fbb4358:154bf59e8c7746c69f8e69f6c2778700
[I 04:39:28.966 NotebookApp] Kernel restarted: ed895579-6b9f-415e-83a5-9c5b2fbb4358
[I 04:39:28.989 NotebookApp] Restoring connection for ed895579-6b9f-415e-83a5-9c5b2fbb4358:154bf59e8c7746c69f8e69f6c2778700
[I 04:39:30.642 NotebookApp] Replaying 3 buffered messages
[I 04:39:50.544 NotebookApp] Saving file at /hf3/hf3.ipynb
[I 04:40:13.741 NotebookApp] Starting buffering for ed895579-6b9f-415e-83a5-9c5b2fbb4358:154bf59e8c7746c69f8e69f6c2778700
[I 04:40:14.288 NotebookApp] Kernel restarted: ed895579-6b9f-415e-83a5-9c5b2fbb4358
[I 04:40:14.413 NotebookApp] Restoring connection for ed895579-6b9f-415e-83a5-9c5b2fbb4358:154bf59e8c7746c69f8e69f6c2778700
[I 04:40:15.028 NotebookApp] Replaying 3 buffered messages
[I 04:41:50.564 NotebookApp] Saving file at /hf3/hf3.ipynb
[I 04:43:50.522 NotebookApp] Saving file at /hf3/hf3.ipynb
[I 04:45:50.546 NotebookApp] Saving file at /hf3/hf3.ipynb
[I 04:47:50.537 NotebookApp] Saving file at /hf3/hf3.ipynb
/home/9yelin9/.local/lib/python3.9/site-packages/nbformat/__init__.py:128: MissingIDFieldWarning: Code cell is missing an id field, this will become a hard error in future nbformat versions. You may want to use `normalize()` on your notebooks before validations (available since nbformat 5.1.4). Previous versions of nbformat are fixing this issue transparently, and will stop doing so in the future.
  validate(nb)
/home/9yelin9/.local/lib/python3.9/site-packages/notebook/services/contents/manager.py:353: MissingIDFieldWarning: Code cell is missing an id field, this will become a hard error in future nbformat versions. You may want to use `normalize()` on your notebooks before validations (available since nbformat 5.1.4). Previous versions of nbformat are fixing this issue transparently, and will stop doing so in the future.
  validate_nb(model['content'])
[I 04:49:55.085 NotebookApp] Saving file at /hf3/hf3.ipynb
[I 04:51:40.096 NotebookApp] Starting buffering for ed895579-6b9f-415e-83a5-9c5b2fbb4358:154bf59e8c7746c69f8e69f6c2778700
[I 04:51:40.744 NotebookApp] Kernel restarted: ed895579-6b9f-415e-83a5-9c5b2fbb4358
[I 04:51:40.805 NotebookApp] Restoring connection for ed895579-6b9f-415e-83a5-9c5b2fbb4358:154bf59e8c7746c69f8e69f6c2778700
[I 04:51:42.492 NotebookApp] Replaying 3 buffered messages
[I 04:51:50.515 NotebookApp] Saving file at /hf3/hf3.ipynb
[I 04:53:50.515 NotebookApp] Saving file at /hf3/hf3.ipynb
[I 04:55:55.512 NotebookApp] Saving file at /hf3/hf3.ipynb
[I 08:13:11.053 NotebookApp] 302 GET / (92.118.39.29) 1.130000ms
[I 09:59:35.539 NotebookApp] 302 GET / (64.62.197.69) 0.980000ms
[I 09:59:52.595 NotebookApp] 302 GET / (64.62.197.74) 0.970000ms
[I 09:59:52.726 NotebookApp] 302 GET /tree? (64.62.197.74) 1.420000ms
[W 10:00:11.781 NotebookApp] 404 GET http://api.ipify.org/?format=json (64.62.197.76) 25.210000ms referer=None
[W 10:00:16.065 NotebookApp] 405 CONNECT www.shadowserver.org:443 (64.62.197.63) 3.990000ms referer=None
[I 13:15:23.298 NotebookApp] 302 GET / (159.203.143.6) 1.980000ms
[I 14:01:31.742 NotebookApp] 302 GET / (198.199.92.127) 1.130000ms
[I 14:11:50.048 NotebookApp] Starting buffering for ed895579-6b9f-415e-83a5-9c5b2fbb4358:154bf59e8c7746c69f8e69f6c2778700
[I 14:11:50.604 NotebookApp] Kernel restarted: ed895579-6b9f-415e-83a5-9c5b2fbb4358
[I 14:11:50.697 NotebookApp] Restoring connection for ed895579-6b9f-415e-83a5-9c5b2fbb4358:154bf59e8c7746c69f8e69f6c2778700
[I 14:11:52.719 NotebookApp] Replaying 3 buffered messages
[I 14:13:53.565 NotebookApp] Saving file at /hf3/hf3.ipynb
[I 14:29:00.980 NotebookApp] Starting buffering for ed895579-6b9f-415e-83a5-9c5b2fbb4358:154bf59e8c7746c69f8e69f6c2778700
[I 14:29:01.637 NotebookApp] Kernel restarted: ed895579-6b9f-415e-83a5-9c5b2fbb4358
[I 14:29:01.766 NotebookApp] Restoring connection for ed895579-6b9f-415e-83a5-9c5b2fbb4358:154bf59e8c7746c69f8e69f6c2778700
[I 14:29:03.368 NotebookApp] Replaying 3 buffered messages
[I 14:29:49.569 NotebookApp] Saving file at /hf3/hf3.ipynb
[I 14:34:14.918 NotebookApp] Starting buffering for ed895579-6b9f-415e-83a5-9c5b2fbb4358:154bf59e8c7746c69f8e69f6c2778700
[I 14:34:15.467 NotebookApp] Kernel restarted: ed895579-6b9f-415e-83a5-9c5b2fbb4358
[I 14:34:15.493 NotebookApp] Restoring connection for ed895579-6b9f-415e-83a5-9c5b2fbb4358:154bf59e8c7746c69f8e69f6c2778700
[I 14:34:17.209 NotebookApp] Replaying 3 buffered messages
[I 14:36:44.440 NotebookApp] Starting buffering for ed895579-6b9f-415e-83a5-9c5b2fbb4358:154bf59e8c7746c69f8e69f6c2778700
[I 14:36:44.684 NotebookApp] Kernel restarted: ed895579-6b9f-415e-83a5-9c5b2fbb4358
[I 14:36:44.820 NotebookApp] Restoring connection for ed895579-6b9f-415e-83a5-9c5b2fbb4358:154bf59e8c7746c69f8e69f6c2778700
[I 14:36:46.385 NotebookApp] Replaying 3 buffered messages
[I 14:37:49.570 NotebookApp] Saving file at /hf3/hf3.ipynb
[W 15:14:51.984 NotebookApp] 404 GET http://pingjs.qq.com/ping.js (185.216.140.186) 6.410000ms referer=None
[I 16:16:30.126 NotebookApp] 302 GET / (92.118.39.29) 1.010000ms
[I 21:04:50.121 NotebookApp] 302 GET / (167.172.35.132) 0.930000ms
[W 23:40:02.615 NotebookApp] 404 GET http://pingjs.qq.com/ping.js (185.216.140.186) 5.220000ms referer=None
[I 00:44:15.915 NotebookApp] 302 GET / (92.118.39.29) 0.890000ms
[I 01:51:48.512 NotebookApp] Saving file at /hf3/hf3.ipynb
[I 01:52:13.892 NotebookApp] Starting buffering for ed895579-6b9f-415e-83a5-9c5b2fbb4358:154bf59e8c7746c69f8e69f6c2778700
[I 01:52:15.537 NotebookApp] Kernel restarted: ed895579-6b9f-415e-83a5-9c5b2fbb4358
[I 01:52:15.611 NotebookApp] Restoring connection for ed895579-6b9f-415e-83a5-9c5b2fbb4358:154bf59e8c7746c69f8e69f6c2778700
[I 01:52:17.311 NotebookApp] Replaying 6 buffered messages
[I 01:53:48.476 NotebookApp] Saving file at /hf3/hf3.ipynb
[I 01:55:48.474 NotebookApp] Saving file at /hf3/hf3.ipynb
[I 01:57:48.721 NotebookApp] Saving file at /hf3/hf3.ipynb
[I 02:08:21.771 NotebookApp] Kernel interrupted: ed895579-6b9f-415e-83a5-9c5b2fbb4358
[I 02:09:50.850 NotebookApp] Saving file at /hf3/hf3.ipynb
[I 02:13:48.421 NotebookApp] Saving file at /hf3/hf3.ipynb
[I 02:15:48.430 NotebookApp] Saving file at /hf3/hf3.ipynb
[I 02:17:48.483 NotebookApp] Saving file at /hf3/hf3.ipynb
[I 02:19:48.953 NotebookApp] Saving file at /hf3/hf3.ipynb
[I 02:21:48.411 NotebookApp] Saving file at /hf3/hf3.ipynb
[I 02:23:48.405 NotebookApp] Saving file at /hf3/hf3.ipynb
[I 02:27:48.639 NotebookApp] Saving file at /hf3/hf3.ipynb
[I 02:29:48.392 NotebookApp] Saving file at /hf3/hf3.ipynb
[I 02:31:48.389 NotebookApp] Saving file at /hf3/hf3.ipynb
[I 02:33:48.392 NotebookApp] Saving file at /hf3/hf3.ipynb
[I 02:37:48.378 NotebookApp] Saving file at /hf3/hf3.ipynb
[I 02:39:49.541 NotebookApp] Saving file at /hf3/hf3.ipynb
[I 02:41:48.373 NotebookApp] Saving file at /hf3/hf3.ipynb
[I 02:43:48.375 NotebookApp] Saving file at /hf3/hf3.ipynb
[I 02:45:48.364 NotebookApp] Saving file at /hf3/hf3.ipynb
[I 02:45:48.915 NotebookApp] Saving file at /hf3/hf3.ipynb
[I 02:46:11.570 NotebookApp] Starting buffering for ed895579-6b9f-415e-83a5-9c5b2fbb4358:154bf59e8c7746c69f8e69f6c2778700
[I 02:46:12.315 NotebookApp] Kernel restarted: ed895579-6b9f-415e-83a5-9c5b2fbb4358
[I 02:46:12.412 NotebookApp] Restoring connection for ed895579-6b9f-415e-83a5-9c5b2fbb4358:154bf59e8c7746c69f8e69f6c2778700
[I 02:46:14.432 NotebookApp] Replaying 3 buffered messages
[I 02:47:51.825 NotebookApp] Saving file at /hf3/hf3.ipynb
[I 02:49:48.356 NotebookApp] Saving file at /hf3/hf3.ipynb
[I 02:51:48.481 NotebookApp] Saving file at /hf3/hf3.ipynb
[I 03:03:50.775 NotebookApp] Starting buffering for ed895579-6b9f-415e-83a5-9c5b2fbb4358:154bf59e8c7746c69f8e69f6c2778700
[I 03:03:51.224 NotebookApp] Kernel restarted: ed895579-6b9f-415e-83a5-9c5b2fbb4358
[I 03:03:51.349 NotebookApp] Restoring connection for ed895579-6b9f-415e-83a5-9c5b2fbb4358:154bf59e8c7746c69f8e69f6c2778700
[I 03:03:52.941 NotebookApp] Replaying 3 buffered messages
[I 03:04:10.207 NotebookApp] Starting buffering for ed895579-6b9f-415e-83a5-9c5b2fbb4358:154bf59e8c7746c69f8e69f6c2778700
[I 03:04:10.550 NotebookApp] Kernel restarted: ed895579-6b9f-415e-83a5-9c5b2fbb4358
[I 03:04:10.578 NotebookApp] Restoring connection for ed895579-6b9f-415e-83a5-9c5b2fbb4358:154bf59e8c7746c69f8e69f6c2778700
[I 03:04:11.169 NotebookApp] Replaying 3 buffered messages
[I 03:04:40.408 NotebookApp] Starting buffering for ed895579-6b9f-415e-83a5-9c5b2fbb4358:154bf59e8c7746c69f8e69f6c2778700
[I 03:04:40.751 NotebookApp] Kernel restarted: ed895579-6b9f-415e-83a5-9c5b2fbb4358
[I 03:04:40.777 NotebookApp] Restoring connection for ed895579-6b9f-415e-83a5-9c5b2fbb4358:154bf59e8c7746c69f8e69f6c2778700
[I 03:04:41.795 NotebookApp] Replaying 3 buffered messages
[I 03:05:28.051 NotebookApp] Starting buffering for ed895579-6b9f-415e-83a5-9c5b2fbb4358:154bf59e8c7746c69f8e69f6c2778700
[I 03:05:28.393 NotebookApp] Kernel restarted: ed895579-6b9f-415e-83a5-9c5b2fbb4358
[I 03:05:28.428 NotebookApp] Restoring connection for ed895579-6b9f-415e-83a5-9c5b2fbb4358:154bf59e8c7746c69f8e69f6c2778700
[I 03:05:29.281 NotebookApp] Replaying 3 buffered messages
[I 03:05:48.354 NotebookApp] Saving file at /hf3/hf3.ipynb
[I 05:02:11.157 NotebookApp] 302 GET / (167.248.133.117) 1.600000ms
[I 05:02:12.059 NotebookApp] 302 GET / (167.248.133.117) 0.870000ms
[I 05:02:12.697 NotebookApp] Malformed HTTP message from 167.248.133.117: Malformed HTTP version in HTTP Request-Line: 'HTTP/2.0'
[I 05:02:13.310 NotebookApp] 302 GET /tree (167.248.133.117) 1.450000ms
[I 05:02:13.759 NotebookApp] Malformed HTTP message from 167.248.133.117: Malformed HTTP version in HTTP Request-Line: 'HTTP/2.0'
[I 05:02:14.762 NotebookApp] Malformed HTTP message from 167.248.133.117: Malformed HTTP version in HTTP Request-Line: 'HTTP/2.0'
[W 07:50:19.253 NotebookApp] 404 GET /druid/index.html (192.241.208.162) 5.410000ms referer=None
[I 08:55:47.915 NotebookApp] 302 GET / (92.118.39.29) 1.640000ms
[I 12:58:54.874 NotebookApp] 302 GET / (167.94.138.118) 1.020000ms
[I 12:58:55.303 NotebookApp] 302 GET / (167.94.138.118) 0.920000ms
[I 12:58:55.686 NotebookApp] Malformed HTTP message from 167.94.138.118: Malformed HTTP version in HTTP Request-Line: 'HTTP/2.0'
[I 12:58:56.074 NotebookApp] 302 GET /tree (167.94.138.118) 1.550000ms
[I 12:58:56.470 NotebookApp] Malformed HTTP message from 167.94.138.118: Malformed HTTP version in HTTP Request-Line: 'HTTP/2.0'
[I 12:58:57.253 NotebookApp] Malformed HTTP message from 167.94.138.118: Malformed HTTP version in HTTP Request-Line: 'HTTP/2.0'
[I 13:33:47.361 NotebookApp] Saving file at /hf3/hf3.ipynb
[I 13:35:47.331 NotebookApp] Saving file at /hf3/hf3.ipynb
[I 14:04:55.632 NotebookApp] 302 GET / (192.241.198.133) 1.040000ms
[I 14:05:47.276 NotebookApp] Saving file at /hf3/hf3.ipynb
[I 14:07:47.281 NotebookApp] Saving file at /hf3/hf3.ipynb
[I 14:09:47.275 NotebookApp] Saving file at /hf3/hf3.ipynb
[I 14:19:47.262 NotebookApp] Saving file at /hf3/hf3.ipynb
[I 14:21:47.247 NotebookApp] Saving file at /hf3/hf3.ipynb
[I 14:23:47.248 NotebookApp] Saving file at /hf3/hf3.ipynb
[I 14:27:47.238 NotebookApp] Saving file at /hf3/hf3.ipynb
[I 14:29:47.241 NotebookApp] Saving file at /hf3/hf3.ipynb
[I 14:31:47.239 NotebookApp] Saving file at /hf3/hf3.ipynb
[I 14:33:47.229 NotebookApp] Saving file at /hf3/hf3.ipynb
[I 15:09:47.184 NotebookApp] Saving file at /hf3/hf3.ipynb
[I 15:19:47.174 NotebookApp] Saving file at /hf3/hf3.ipynb
[I 15:23:47.154 NotebookApp] Saving file at /hf3/hf3.ipynb
[I 15:59:47.107 NotebookApp] Saving file at /hf3/hf3.ipynb
[I 16:01:47.096 NotebookApp] Saving file at /hf3/hf3.ipynb
[I 16:03:47.098 NotebookApp] Saving file at /hf3/hf3.ipynb
[I 16:05:47.110 NotebookApp] Saving file at /hf3/hf3.ipynb
[I 16:07:47.110 NotebookApp] Saving file at /hf3/hf3.ipynb
[I 16:09:47.105 NotebookApp] Saving file at /hf3/hf3.ipynb
[I 16:11:47.098 NotebookApp] Saving file at /hf3/hf3.ipynb
[I 16:13:47.086 NotebookApp] Saving file at /hf3/hf3.ipynb
[I 16:15:47.097 NotebookApp] Saving file at /hf3/hf3.ipynb
[I 16:17:47.081 NotebookApp] Saving file at /hf3/hf3.ipynb
[I 16:19:47.088 NotebookApp] Saving file at /hf3/hf3.ipynb
[I 16:21:47.084 NotebookApp] Saving file at /hf3/hf3.ipynb
[I 16:23:47.076 NotebookApp] Saving file at /hf3/hf3.ipynb
[I 16:25:47.072 NotebookApp] Saving file at /hf3/hf3.ipynb
[W 16:28:36.902 NotebookApp] 404 GET http://pingjs.qq.com/ping.js (185.216.140.186) 6.370000ms referer=None
[I 16:35:47.062 NotebookApp] Saving file at /hf3/hf3.ipynb
[I 16:35:51.984 NotebookApp] 302 GET / (92.118.39.29) 0.920000ms
[I 16:37:47.041 NotebookApp] Saving file at /hf3/hf3.ipynb
[I 20:07:46.719 NotebookApp] Saving file at /hf3/hf3.ipynb
[I 20:09:48.879 NotebookApp] Saving file at /hf3/hf3.ipynb
[I 21:23:46.554 NotebookApp] Saving file at /hf3/hf3.ipynb
[I 21:25:46.523 NotebookApp] Saving file at /hf3/hf3.ipynb
[I 21:30:44.953 NotebookApp] 302 GET / (180.149.125.159) 0.880000ms
[I 21:30:45.118 NotebookApp] 302 GET /tree? (180.149.125.159) 1.160000ms
[I 21:33:09.894 NotebookApp] 302 GET / (134.209.183.151) 0.930000ms
[I 22:17:46.426 NotebookApp] Saving file at /hf3/hf3.ipynb
[I 22:19:46.415 NotebookApp] Saving file at /hf3/hf3.ipynb
[I 22:29:46.401 NotebookApp] Saving file at /hf3/hf3.ipynb
[I 22:31:46.397 NotebookApp] Saving file at /hf3/hf3.ipynb
[I 22:33:46.826 NotebookApp] Saving file at /hf3/hf3.ipynb
[I 22:41:46.392 NotebookApp] Saving file at /hf3/hf3.ipynb
[I 22:47:46.446 NotebookApp] Saving file at /hf3/hf3.ipynb
[I 22:59:59.197 NotebookApp] 302 GET / (23.251.102.90) 0.910000ms
[I 22:59:59.362 NotebookApp] 302 GET /tree? (23.251.102.90) 1.130000ms
[W 22:59:59.860 NotebookApp] 404 GET /showLogin.cc (23.251.102.90) 3.330000ms referer=None
[I 23:36:37.967 NotebookApp] 302 GET / (64.62.197.39) 0.900000ms
[I 23:36:49.786 NotebookApp] 302 GET / (64.62.197.34) 0.920000ms
[I 23:36:49.914 NotebookApp] 302 GET /tree? (64.62.197.34) 1.100000ms
[W 23:37:01.629 NotebookApp] 404 GET http://api.ipify.org/?format=json (64.62.197.38) 5.070000ms referer=None
[W 23:37:08.188 NotebookApp] 405 CONNECT www.shadowserver.org:443 (64.62.197.44) 3.480000ms referer=None
[I 00:07:46.323 NotebookApp] Saving file at /hf3/hf3.ipynb
[I 00:09:46.288 NotebookApp] Saving file at /hf3/hf3.ipynb
[I 00:11:46.299 NotebookApp] Saving file at /hf3/hf3.ipynb
[I 00:13:46.278 NotebookApp] Saving file at /hf3/hf3.ipynb
[I 00:15:46.280 NotebookApp] Saving file at /hf3/hf3.ipynb
[I 00:57:46.234 NotebookApp] Saving file at /hf3/hf3.ipynb
[I 00:59:46.198 NotebookApp] Saving file at /hf3/hf3.ipynb
[I 01:01:49.397 NotebookApp] Saving file at /hf3/hf3.ipynb
[I 01:03:46.178 NotebookApp] Saving file at /hf3/hf3.ipynb
[I 01:07:46.179 NotebookApp] Saving file at /hf3/hf3.ipynb
[I 01:09:46.163 NotebookApp] Saving file at /hf3/hf3.ipynb
[I 01:09:48.167 NotebookApp] 302 GET / (162.142.125.222) 0.900000ms
[I 01:09:48.644 NotebookApp] 302 GET / (162.142.125.222) 0.850000ms
[I 01:09:49.011 NotebookApp] Malformed HTTP message from 162.142.125.222: Malformed HTTP version in HTTP Request-Line: 'HTTP/2.0'
[I 01:09:49.508 NotebookApp] 302 GET /tree (162.142.125.222) 1.110000ms
[I 01:09:49.933 NotebookApp] Malformed HTTP message from 162.142.125.222: Malformed HTTP version in HTTP Request-Line: 'HTTP/2.0'
[I 01:09:51.491 NotebookApp] Malformed HTTP message from 162.142.125.222: Malformed HTTP version in HTTP Request-Line: 'HTTP/2.0'
[I 01:11:31.846 NotebookApp] 302 GET / (92.118.39.29) 0.840000ms
[I 01:11:46.174 NotebookApp] Saving file at /hf3/hf3.ipynb
[I 01:13:46.186 NotebookApp] Saving file at /hf3/hf3.ipynb
[I 01:15:46.166 NotebookApp] Saving file at /hf3/hf3.ipynb
[I 01:17:46.176 NotebookApp] Saving file at /hf3/hf3.ipynb
[I 01:19:46.160 NotebookApp] Saving file at /hf3/hf3.ipynb
[I 01:21:46.160 NotebookApp] Saving file at /hf3/hf3.ipynb
[I 01:23:46.171 NotebookApp] Saving file at /hf3/hf3.ipynb
[I 01:25:46.165 NotebookApp] Saving file at /hf3/hf3.ipynb
[I 01:27:46.170 NotebookApp] Saving file at /hf3/hf3.ipynb
[I 01:29:46.167 NotebookApp] Saving file at /hf3/hf3.ipynb
[I 01:31:46.251 NotebookApp] Saving file at /hf3/hf3.ipynb
[I 01:33:46.183 NotebookApp] Saving file at /hf3/hf3.ipynb
[I 01:35:46.139 NotebookApp] Saving file at /hf3/hf3.ipynb
[I 01:37:46.133 NotebookApp] Saving file at /hf3/hf3.ipynb
[I 01:43:46.241 NotebookApp] Saving file at /hf3/hf3.ipynb
[I 01:45:46.123 NotebookApp] Saving file at /hf3/hf3.ipynb
[I 01:47:46.116 NotebookApp] Saving file at /hf3/hf3.ipynb
[I 01:49:46.116 NotebookApp] Saving file at /hf3/hf3.ipynb
[I 01:51:46.102 NotebookApp] Saving file at /hf3/hf3.ipynb
[I 01:53:46.101 NotebookApp] Saving file at /hf3/hf3.ipynb
[I 01:55:46.098 NotebookApp] Saving file at /hf3/hf3.ipynb
[I 01:57:46.112 NotebookApp] Saving file at /hf3/hf3.ipynb
[I 01:59:46.095 NotebookApp] Saving file at /hf3/hf3.ipynb
[I 02:01:46.101 NotebookApp] Saving file at /hf3/hf3.ipynb
[I 02:03:46.090 NotebookApp] Saving file at /hf3/hf3.ipynb
[I 02:05:46.096 NotebookApp] Saving file at /hf3/hf3.ipynb
[I 02:07:46.079 NotebookApp] Saving file at /hf3/hf3.ipynb
[I 02:11:46.072 NotebookApp] Saving file at /hf3/hf3.ipynb
[I 02:13:46.066 NotebookApp] Saving file at /hf3/hf3.ipynb
[I 02:15:46.070 NotebookApp] Saving file at /hf3/hf3.ipynb
[I 02:17:46.079 NotebookApp] Saving file at /hf3/hf3.ipynb
[I 02:21:47.943 NotebookApp] Saving file at /hf3/hf3.ipynb
[I 02:23:46.062 NotebookApp] Saving file at /hf3/hf3.ipynb
[I 02:25:46.048 NotebookApp] Saving file at /hf3/hf3.ipynb
[I 02:27:46.052 NotebookApp] Saving file at /hf3/hf3.ipynb
[I 02:29:46.050 NotebookApp] Saving file at /hf3/hf3.ipynb
[I 02:31:46.054 NotebookApp] Saving file at /hf3/hf3.ipynb
[I 02:32:13.918 NotebookApp] 302 GET / (205.210.31.184) 1.000000ms
[I 02:32:14.504 NotebookApp] 302 GET /tree? (205.210.31.184) 1.190000ms
[I 02:33:46.042 NotebookApp] Saving file at /hf3/hf3.ipynb
[I 02:35:46.045 NotebookApp] Saving file at /hf3/hf3.ipynb
[I 02:37:46.038 NotebookApp] Saving file at /hf3/hf3.ipynb
[I 02:39:46.028 NotebookApp] Saving file at /hf3/hf3.ipynb
[I 02:45:46.129 NotebookApp] Saving file at /hf3/hf3.ipynb
[I 02:47:47.038 NotebookApp] Saving file at /hf3/hf3.ipynb
[I 02:49:46.012 NotebookApp] Saving file at /hf3/hf3.ipynb
[I 02:51:46.024 NotebookApp] Saving file at /hf3/hf3.ipynb
[I 02:53:46.137 NotebookApp] Saving file at /hf3/hf3.ipynb
[I 02:55:46.014 NotebookApp] Saving file at /hf3/hf3.ipynb
[I 02:57:46.161 NotebookApp] Saving file at /hf3/hf3.ipynb
[I 02:59:47.231 NotebookApp] Saving file at /hf3/hf3.ipynb
[I 03:01:46.002 NotebookApp] Saving file at /hf3/hf3.ipynb
[I 03:03:45.996 NotebookApp] Saving file at /hf3/hf3.ipynb
[I 03:05:46.424 NotebookApp] Saving file at /hf3/hf3.ipynb
[I 03:07:45.995 NotebookApp] Saving file at /hf3/hf3.ipynb
[I 03:09:45.991 NotebookApp] Saving file at /hf3/hf3.ipynb
[I 03:11:45.959 NotebookApp] Saving file at /hf3/hf3.ipynb
[I 03:13:45.980 NotebookApp] Saving file at /hf3/hf3.ipynb
[I 03:15:45.990 NotebookApp] Saving file at /hf3/hf3.ipynb
[I 03:19:45.995 NotebookApp] Saving file at /hf3/hf3.ipynb
[I 03:21:46.011 NotebookApp] Saving file at /hf3/hf3.ipynb
[I 03:23:46.046 NotebookApp] Saving file at /hf3/hf3.ipynb
[I 03:25:46.022 NotebookApp] Saving file at /hf3/hf3.ipynb
[I 03:27:46.013 NotebookApp] Saving file at /hf3/hf3.ipynb
[I 03:37:46.000 NotebookApp] Saving file at /hf3/hf3.ipynb
[I 04:53:04.334 NotebookApp] Saving file at /hf3/hf3.ipynb
[I 04:54:34.389 NotebookApp] KernelRestarter: restarting kernel (1/5), keep random ports
WARNING:root:kernel ed895579-6b9f-415e-83a5-9c5b2fbb4358 restarted
[I 04:54:43.462 NotebookApp] Starting buffering for ed895579-6b9f-415e-83a5-9c5b2fbb4358:154bf59e8c7746c69f8e69f6c2778700
[IPKernelApp] WARNING | Parent appears to have exited, shutting down.
